ENV CHECK: JWT_SECRET presente? true
[STARTUP] NODE_ENV = undefined, PORT = 8080
Servidor corriendo en puerto 8080
[SERVER ERROR] Error: listen EADDRINUSE: address already in use :::8080
ENV CHECK: JWT_SECRET presente? true
[STARTUP] NODE_ENV = undefined, PORT = 8080
Servidor corriendo en puerto 8080
[PETICION RECIBIDA] GET /api/workspace/
ENV CHECK: JWT_SECRET presente? true
[STARTUP] NODE_ENV = undefined, PORT = 8080
Servidor corriendo en puerto 8080
[PETICION RECIBIDA] POST /api/auth/login
[PETICION RECIBIDA] GET /api/workspace/
[PETICION RECIBIDA] POST /api/auth/register
ENV CHECK: JWT_SECRET presente? true
[STARTUP] NODE_ENV = undefined, PORT = 8080
Servidor corriendo en puerto 8080
[SERVER ERROR] Error: listen EADDRINUSE: address already in use :::8080
ENV CHECK: JWT_SECRET presente? true
[STARTUP] NODE_ENV = undefined, PORT = 8080
Servidor corriendo en puerto 8080
[PETICION RECIBIDA] POST /api/auth/login
